<?xml version="1.0" encoding="UTF-8"?>
<!-- Generated by org.testng.reporters.JUnitReportReporter -->
<testsuite hostname="MSI" failures="0" tests="1" name="selenium.EditContact" time="16.145" errors="0" timestamp="2024-10-13T15:06:52 IST" skipped="0">
  <testcase classname="selenium.EditContact" name="createAccount" time="16.145"/>
  <system-out/>
</testsuite> <!-- selenium.EditContact -->
