<?xml version="1.0" encoding="UTF-8"?>
<!-- Generated by org.testng.reporters.JUnitReportReporter -->
<testsuite hostname="Rajesh" failures="0" tests="1" name="saleforceTestCase.S6_054_Add_Product" time="50.622" errors="0" timestamp="2024-10-19T13:38:09 IST" skipped="0">
  <testcase classname="saleforceTestCase.S6_054_Add_Product" name="testCase_S6_054_Add_Product" time="50.622"/>
  <system-out/>
</testsuite> <!-- saleforceTestCase.S6_054_Add_Product -->
