<?xml version="1.0" encoding="UTF-8"?>
<!-- Generated by org.testng.reporters.JUnitReportReporter -->
<testsuite hostname="MSI" failures="0" tests="1" name="selenium_grid.Practise_Sel_Grid_Classroom" time="34.263" errors="0" timestamp="2024-10-19T16:02:57 IST" skipped="0">
  <testcase classname="selenium_grid.Practise_Sel_Grid_Classroom" name="createNewOrder" time="34.263"/>
  <system-out/>
</testsuite> <!-- selenium_grid.Practise_Sel_Grid_Classroom -->
