<?xml version="1.0" encoding="UTF-8"?>
<!-- Generated by org.testng.reporters.JUnitReportReporter -->
<testsuite hostname="Rajesh" failures="0" tests="2" name="saleforceTestCase.S6_013_Create_Case_Without_Mandatory_Fields" time="73.557" errors="0" timestamp="2024-10-19T13:17:28 IST" skipped="1">
  <testcase classname="saleforceTestCase.S6_013_Create_Case_Without_Mandatory_Fields" name="testCase_S6_013_Create_Case_Without_Mandatory_Fields" time="20.664"/>
  <system-out/>
  <testcase classname="saleforceTestCase.S6_013_Create_Case_Without_Mandatory_Fields" name="testCase_S6_013_Create_Case_Without_Mandatory_Fields" time="52.893">
    <skipped/>
  </testcase> <!-- testCase_S6_013_Create_Case_Without_Mandatory_Fields -->
  <system-out/>
</testsuite> <!-- saleforceTestCase.S6_013_Create_Case_Without_Mandatory_Fields -->
