<?xml version="1.0" encoding="UTF-8"?>
<!-- Generated by org.testng.reporters.JUnitReportReporter -->
<testsuite hostname="DESKTOP-6K3KQ0H" failures="0" tests="1" name="sdet_FirstClass.CreateAccount" time="62.286" errors="0" timestamp="2024-10-19T12:04:02 IST" skipped="0">
  <testcase classname="sdet_FirstClass.CreateAccount" name="createAccMthd" time="62.286"/>
  <system-out/>
</testsuite> <!-- sdet_FirstClass.CreateAccount -->
