<?xml version="1.0" encoding="UTF-8"?>
<!-- Generated by org.testng.reporters.JUnitReportReporter -->
<testsuite hostname="Rajesh" failures="0" tests="1" name="jiraSaleforceAssessment.AddProductNewCase" time="54.397" errors="0" timestamp="2024-10-15T16:58:46 IST" skipped="0">
  <testcase classname="jiraSaleforceAssessment.AddProductNewCase" name="addProduct" time="54.397"/>
  <system-out/>
</testsuite> <!-- jiraSaleforceAssessment.AddProductNewCase -->
