<?xml version="1.0" encoding="UTF-8"?>
<!-- Generated by org.testng.reporters.JUnitReportReporter -->
<testsuite hostname="MSI" failures="0" tests="1" name="selenium.Create_WorkType" time="20.716" errors="0" timestamp="2024-10-12T13:13:07 IST" skipped="0">
  <testcase classname="selenium.Create_WorkType" name="workType" time="20.716"/>
  <system-out/>
</testsuite> <!-- selenium.Create_WorkType -->
