<?xml version="1.0" encoding="UTF-8"?>
<!-- Generated by org.testng.reporters.JUnitReportReporter -->
<testsuite hostname="Rajesh" failures="0" tests="1" name="jiraSaleforceAssessment.AddProductWithOpportunity" time="297.380" errors="0" timestamp="2024-10-16T20:47:21 IST" skipped="0">
  <testcase classname="jiraSaleforceAssessment.AddProductWithOpportunity" name="addProduct" time="297.380"/>
  <system-out/>
</testsuite> <!-- jiraSaleforceAssessment.AddProductWithOpportunity -->
