<?xml version="1.0" encoding="UTF-8"?>
<!-- Generated by org.testng.reporters.JUnitReportReporter -->
<testsuite hostname="MSI" failures="0" tests="1" name="selenium.VerifyLegalEntities" time="25.486" errors="0" timestamp="2024-10-19T03:37:31 IST" skipped="0">
  <testcase classname="selenium.VerifyLegalEntities" name="createNewOrder" time="25.486"/>
  <system-out/>
</testsuite> <!-- selenium.VerifyLegalEntities -->
