<?xml version="1.0" encoding="UTF-8"?>
<!-- Generated by org.testng.reporters.JUnitReportReporter -->
<testsuite hostname="DESKTOP-6K3KQ0H" failures="0" tests="1" name="sdet_FirstClass.EditOpportunity" time="71.119" errors="0" timestamp="2024-10-19T12:51:36 IST" skipped="0">
  <testcase classname="sdet_FirstClass.EditOpportunity" name="editOppMethod" time="71.119"/>
  <system-out/>
</testsuite> <!-- sdet_FirstClass.EditOpportunity -->
