<?xml version="1.0" encoding="UTF-8"?>
<!-- Generated by org.testng.reporters.JUnitReportReporter -->
<testsuite hostname="Rajesh" failures="0" tests="4" name="saleforceTestCase.S6_048_CreateLeadFormCampaign" time="148.949" errors="0" timestamp="2024-10-19T13:17:28 IST" skipped="3">
  <testcase classname="saleforceTestCase.S6_048_CreateLeadFormCampaign" name="testCase_S6_048_CreateLeadFormCampaign" time="51.729">
    <skipped/>
  </testcase> <!-- testCase_S6_048_CreateLeadFormCampaign -->
  <system-out/>
  <testcase classname="saleforceTestCase.S6_048_CreateLeadFormCampaign" name="testCase_S6_048_CreateLeadFormCampaign" time="35.974"/>
  <system-out/>
  <testcase classname="saleforceTestCase.S6_048_CreateLeadFormCampaign" name="testCase_S6_048_CreateLeadFormCampaign" time="8.556">
    <skipped/>
  </testcase> <!-- testCase_S6_048_CreateLeadFormCampaign -->
  <system-out/>
  <testcase classname="saleforceTestCase.S6_048_CreateLeadFormCampaign" name="testCase_S6_048_CreateLeadFormCampaign" time="52.690">
    <skipped/>
  </testcase> <!-- testCase_S6_048_CreateLeadFormCampaign -->
  <system-out/>
</testsuite> <!-- saleforceTestCase.S6_048_CreateLeadFormCampaign -->
