<?xml version="1.0" encoding="UTF-8"?>
<!-- Generated by org.testng.reporters.JUnitReportReporter -->
<testsuite hostname="MSI" failures="0" tests="1" name="selenium.CreateNewRefund" time="17.038" errors="0" timestamp="2024-10-19T05:46:34 IST" skipped="0">
  <testcase classname="selenium.CreateNewRefund" name="createNewOrder" time="17.038"/>
  <system-out/>
</testsuite> <!-- selenium.CreateNewRefund -->
