<?xml version="1.0" encoding="UTF-8"?>
<!-- Generated by org.testng.reporters.JUnitReportReporter -->
<testsuite hostname="Rajesh" failures="0" tests="1" name="jiraSaleforceAssessment.VerifyAppStoreLoadedToDownloadSalesForceAStory" time="52.026" errors="0" timestamp="2024-10-13T22:05:15 IST" skipped="0">
  <testcase classname="jiraSaleforceAssessment.VerifyAppStoreLoadedToDownloadSalesForceAStory" name="VerifyAppStore" time="52.026"/>
  <system-out/>
</testsuite> <!-- jiraSaleforceAssessment.VerifyAppStoreLoadedToDownloadSalesForceAStory -->
