<?xml version="1.0" encoding="UTF-8"?>
<!-- Generated by org.testng.reporters.JUnitReportReporter -->
<testsuite hostname="Rajesh" failures="0" tests="1" name="saleforceTestCase.S6_037_VerifyAppStoreLoadedToDownloadSalesForceAStory" time="57.058" errors="0" timestamp="2024-10-19T13:17:28 IST" skipped="0">
  <testcase classname="saleforceTestCase.S6_037_VerifyAppStoreLoadedToDownloadSalesForceAStory" name="testCase_S6_037_VerifyAppStoreLoadedToDownloadSalesForceAStory" time="57.058"/>
  <system-out/>
</testsuite> <!-- saleforceTestCase.S6_037_VerifyAppStoreLoadedToDownloadSalesForceAStory -->
