<?xml version="1.0" encoding="UTF-8"?>
<!-- Generated by org.testng.reporters.JUnitReportReporter -->
<testsuite hostname="Rajesh" failures="0" tests="2" name="saleforceTestCase.S6_053_AddProductWithOpportunity" time="44.894" errors="0" timestamp="2024-10-19T13:17:28 IST" skipped="1">
  <testcase classname="saleforceTestCase.S6_053_AddProductWithOpportunity" name="testCase_S6_053_verify_AddProductWithOpportunity" time="34.915"/>
  <system-out/>
  <testcase classname="saleforceTestCase.S6_053_AddProductWithOpportunity" name="testCase_S6_053_verify_AddProductWithOpportunity" time="9.979">
    <skipped/>
  </testcase> <!-- testCase_S6_053_verify_AddProductWithOpportunity -->
  <system-out/>
</testsuite> <!-- saleforceTestCase.S6_053_AddProductWithOpportunity -->
