<?xml version="1.0" encoding="UTF-8"?>
<!-- Generated by org.testng.reporters.JUnitReportReporter -->
<testsuite hostname="Rajesh" failures="0" tests="1" name="week1.Day2.S6_001_CreateAccount" time="14.231" errors="0" timestamp="2024-10-06T17:42:47 IST" skipped="0">
  <testcase classname="week1.Day2.S6_001_CreateAccount" name="createAccount" time="14.231"/>
  <system-out/>
</testsuite> <!-- week1.Day2.S6_001_CreateAccount -->
