<?xml version="1.0" encoding="UTF-8"?>
<!-- Generated by org.testng.reporters.JUnitReportReporter -->
<testsuite hostname="MSI" failures="0" tests="1" name="selenium.CreateNewOrder" time="31.581" errors="0" timestamp="2024-10-18T02:55:30 IST" skipped="0">
  <testcase classname="selenium.CreateNewOrder" name="createNewOrder" time="31.581"/>
  <system-out/>
</testsuite> <!-- selenium.CreateNewOrder -->
