<?xml version="1.0" encoding="UTF-8"?>
<!-- Generated by org.testng.reporters.JUnitReportReporter -->
<testsuite hostname="MSI" failures="0" tests="1" name="selenium.Sdet_Salesforce_ClassWork" time="24.194" errors="0" timestamp="2024-10-06T17:44:51 IST" skipped="0">
  <testcase classname="selenium.Sdet_Salesforce_ClassWork" name="createSalesforceAccount" time="24.194"/>
  <system-out/>
</testsuite> <!-- selenium.Sdet_Salesforce_ClassWork -->
