<?xml version="1.0" encoding="UTF-8"?>
<!-- Generated by org.testng.reporters.JUnitReportReporter -->
<testsuite hostname="MSI" failures="0" tests="1" name="selenium.CreateOpportunity" time="16.197" errors="0" timestamp="2024-10-12T17:22:25 IST" skipped="0">
  <testcase classname="selenium.CreateOpportunity" name="createOpportunity" time="16.197"/>
  <system-out/>
</testsuite> <!-- selenium.CreateOpportunity -->
